<?xml version="1.0" encoding="UTF-8"?>
<testng-results ignored="0" total="1" passed="1" failed="0" skipped="0">
  <reporter-output>
  </reporter-output>
  <suite started-at="2024-10-24T19:20:50 IST" name="Default suite" finished-at="2024-10-24T19:20:50 IST" duration-ms="573">
    <groups>
    </groups>
    <test started-at="2024-10-24T19:20:50 IST" name="Default test" finished-at="2024-10-24T19:20:50 IST" duration-ms="573">
      <class name="ExtentReportBasic.SampleReport">
        <test-method signature="sample()[pri:0, instance:ExtentReportBasic.SampleReport@4efac082]" started-at="2024-10-24T19:20:50 IST" name="sample" finished-at="2024-10-24T19:20:50 IST" duration-ms="524" status="PASS">
          <reporter-output>
          </reporter-output>
        </test-method> <!-- sample -->
      </class> <!-- ExtentReportBasic.SampleReport -->
    </test> <!-- Default test -->
  </suite> <!-- Default suite -->
</testng-results>
